This file contains any messages produced by compilers while
running configure, to aid debugging if configure makes a mistake.

It was created by configure, which was
generated by GNU Autoconf 2.69.  Invocation command line was

  $ ./configure --prefix=/home/user42/github/doom/SDL2_ttf --enable-static --disable-shared

## --------- ##
## Platform. ##
## --------- ##

hostname = salty-VirtualBox
uname -m = x86_64
uname -r = 5.4.0-42-generic
uname -s = Linux
uname -v = #46~18.04.1-Ubuntu SMP Fri Jul 10 07:21:24 UTC 2020

/usr/bin/uname -p = unknown
/bin/uname -X     = unknown

/bin/arch              = unknown
/usr/bin/arch -k       = unknown
/usr/convex/getsysinfo = unknown
/usr/bin/hostinfo      = unknown
/bin/machine           = unknown
/usr/bin/oslevel       = unknown
/bin/universe          = unknown

PATH: /usr/local/sbin
PATH: /usr/local/bin
PATH: /usr/sbin
PATH: /usr/bin
PATH: /sbin
PATH: /bin
PATH: /usr/games
PATH: /usr/local/games
PATH: /snap/bin


## ----------- ##
## Core tests. ##
## ----------- ##

configure:2454: checking build system type
configure:2468: result: x86_64-pc-linux-gnu
configure:2488: checking host system type
configure:2501: result: x86_64-pc-linux-gnu
configure:2572: checking for gcc
configure:2588: found /usr/bin/gcc
configure:2599: result: gcc
configure:2828: checking for C compiler version
configure:2837: gcc --version >&5
gcc (Ubuntu 7.5.0-3ubuntu1~18.04) 7.5.0
Copyright (C) 2017 Free Software Foundation, Inc.
This is free software; see the source for copying conditions.  There is NO
warranty; not even for MERCHANTABILITY or FITNESS FOR A PARTICULAR PURPOSE.

configure:2848: $? = 0
configure:2837: gcc -v >&5
Using built-in specs.
COLLECT_GCC=gcc
COLLECT_LTO_WRAPPER=/usr/lib/gcc/x86_64-linux-gnu/7/lto-wrapper
OFFLOAD_TARGET_NAMES=nvptx-none
OFFLOAD_TARGET_DEFAULT=1
Target: x86_64-linux-gnu
Configured with: ../src/configure -v --with-pkgversion='Ubuntu 7.5.0-3ubuntu1~18.04' --with-bugurl=file:///usr/share/doc/gcc-7/README.Bugs --enable-languages=c,ada,c++,go,brig,d,fortran,objc,obj-c++ --prefix=/usr --with-gcc-major-version-only --program-suffix=-7 --program-prefix=x86_64-linux-gnu- --enable-shared --enable-linker-build-id --libexecdir=/usr/lib --without-included-gettext --enable-threads=posix --libdir=/usr/lib --enable-nls --enable-bootstrap --enable-clocale=gnu --enable-libstdcxx-debug --enable-libstdcxx-time=yes --with-default-libstdcxx-abi=new --enable-gnu-unique-object --disable-vtable-verify --enable-libmpx --enable-plugin --enable-default-pie --with-system-zlib --with-target-system-zlib --enable-objc-gc=auto --enable-multiarch --disable-werror --with-arch-32=i686 --with-abi=m64 --with-multilib-list=m32,m64,mx32 --enable-multilib --with-tune=generic --enable-offload-targets=nvptx-none --without-cuda-driver --enable-checking=release --build=x86_64-linux-gnu --host=x86_64-linux-gnu --target=x86_64-linux-gnu
Thread model: posix
gcc version 7.5.0 (Ubuntu 7.5.0-3ubuntu1~18.04) 
configure:2848: $? = 0
configure:2837: gcc -V >&5
gcc: error: unrecognized command line option '-V'
gcc: fatal error: no input files
compilation terminated.
configure:2848: $? = 1
configure:2837: gcc -qversion >&5
gcc: error: unrecognized command line option '-qversion'; did you mean '--version'?
gcc: fatal error: no input files
compilation terminated.
configure:2848: $? = 1
configure:2868: checking whether the C compiler works
configure:2890: gcc    conftest.c  >&5
configure:2894: $? = 0
configure:2942: result: yes
configure:2945: checking for C compiler default output file name
configure:2947: result: a.out
configure:2953: checking for suffix of executables
configure:2960: gcc -o conftest    conftest.c  >&5
configure:2964: $? = 0
configure:2986: result: 
configure:3008: checking whether we are cross compiling
configure:3016: gcc -o conftest    conftest.c  >&5
configure:3020: $? = 0
configure:3027: ./conftest
configure:3031: $? = 0
configure:3046: result: no
configure:3051: checking for suffix of object files
configure:3073: gcc -c   conftest.c >&5
configure:3077: $? = 0
configure:3098: result: o
configure:3102: checking whether we are using the GNU C compiler
configure:3121: gcc -c   conftest.c >&5
configure:3121: $? = 0
configure:3130: result: yes
configure:3139: checking whether gcc accepts -g
configure:3159: gcc -c -g  conftest.c >&5
configure:3159: $? = 0
configure:3200: result: yes
configure:3217: checking for gcc option to accept ISO C89
configure:3280: gcc  -c -g -O2  conftest.c >&5
configure:3280: $? = 0
configure:3293: result: none needed
configure:3318: checking whether gcc understands -c and -o together
configure:3340: gcc -c conftest.c -o conftest2.o
configure:3343: $? = 0
configure:3340: gcc -c conftest.c -o conftest2.o
configure:3343: $? = 0
configure:3355: result: yes
configure:3372: checking for a sed that does not truncate output
configure:3436: result: /bin/sed
configure:3454: checking for grep that handles long lines and -e
configure:3512: result: /bin/grep
configure:3517: checking for egrep
configure:3579: result: /bin/grep -E
configure:3584: checking for fgrep
configure:3646: result: /bin/grep -F
configure:3681: checking for ld used by gcc
configure:3748: result: /usr/bin/ld
configure:3755: checking if the linker (/usr/bin/ld) is GNU ld
configure:3770: result: yes
configure:3782: checking for BSD- or MS-compatible name lister (nm)
configure:3831: result: /usr/bin/nm -B
configure:3949: checking the name lister (/usr/bin/nm -B) interface
configure:3956: gcc -c -g -O2  conftest.c >&5
configure:3959: /usr/bin/nm -B "conftest.o"
configure:3962: output
0000000000000000 B some_variable
configure:3969: result: BSD nm
configure:3972: checking whether ln -s works
configure:3976: result: yes
configure:3984: checking the maximum length of command line arguments
configure:4110: result: 1572864
configure:4127: checking whether the shell understands some XSI constructs
configure:4137: result: yes
configure:4141: checking whether the shell understands "+="
configure:4147: result: yes
configure:4182: checking for /usr/bin/ld option to reload object files
configure:4189: result: -r
configure:4258: checking for objdump
configure:4274: found /usr/bin/objdump
configure:4285: result: objdump
configure:4314: checking how to recognize dependent libraries
configure:4512: result: pass_all
configure:4572: checking for ar
configure:4588: found /usr/bin/ar
configure:4599: result: ar
configure:4677: checking for strip
configure:4693: found /usr/bin/strip
configure:4704: result: strip
configure:4776: checking for ranlib
configure:4792: found /usr/bin/ranlib
configure:4803: result: ranlib
configure:4893: checking command to parse /usr/bin/nm -B output from gcc object
configure:5011: gcc -c -g -O2  conftest.c >&5
configure:5014: $? = 0
configure:5018: /usr/bin/nm -B conftest.o \| sed -n -e 's/^.*[	 ]\([ABCDGIRSTW][ABCDGIRSTW]*\)[	 ][	 ]*\([_A-Za-z][_A-Za-z0-9]*\)$/\1 \2 \2/p' \> conftest.nm
configure:5021: $? = 0
configure:5075: gcc -o conftest -g -O2   conftest.c conftstm.o >&5
configure:5078: $? = 0
configure:5116: result: ok
configure:5212: gcc -c -g -O2  conftest.c >&5
configure:5215: $? = 0
configure:5928: checking how to run the C preprocessor
configure:5959: gcc -E  conftest.c
configure:5959: $? = 0
configure:5973: gcc -E  conftest.c
conftest.c:9:10: fatal error: ac_nonexistent.h: No such file or directory
 #include <ac_nonexistent.h>
          ^~~~~~~~~~~~~~~~~~
compilation terminated.
configure:5973: $? = 1
configure: failed program was:
| /* confdefs.h */
| #define PACKAGE_NAME ""
| #define PACKAGE_TARNAME ""
| #define PACKAGE_VERSION ""
| #define PACKAGE_STRING ""
| #define PACKAGE_BUGREPORT ""
| #define PACKAGE_URL ""
| /* end confdefs.h.  */
| #include <ac_nonexistent.h>
configure:5998: result: gcc -E
configure:6018: gcc -E  conftest.c
configure:6018: $? = 0
configure:6032: gcc -E  conftest.c
conftest.c:9:10: fatal error: ac_nonexistent.h: No such file or directory
 #include <ac_nonexistent.h>
          ^~~~~~~~~~~~~~~~~~
compilation terminated.
configure:6032: $? = 1
configure: failed program was:
| /* confdefs.h */
| #define PACKAGE_NAME ""
| #define PACKAGE_TARNAME ""
| #define PACKAGE_VERSION ""
| #define PACKAGE_STRING ""
| #define PACKAGE_BUGREPORT ""
| #define PACKAGE_URL ""
| /* end confdefs.h.  */
| #include <ac_nonexistent.h>
configure:6061: checking for ANSI C header files
configure:6081: gcc -c -g -O2  conftest.c >&5
configure:6081: $? = 0
configure:6154: gcc -o conftest -g -O2   conftest.c  >&5
configure:6154: $? = 0
configure:6154: ./conftest
configure:6154: $? = 0
configure:6165: result: yes
configure:6178: checking for sys/types.h
configure:6178: gcc -c -g -O2  conftest.c >&5
configure:6178: $? = 0
configure:6178: result: yes
configure:6178: checking for sys/stat.h
configure:6178: gcc -c -g -O2  conftest.c >&5
configure:6178: $? = 0
configure:6178: result: yes
configure:6178: checking for stdlib.h
configure:6178: gcc -c -g -O2  conftest.c >&5
configure:6178: $? = 0
configure:6178: result: yes
configure:6178: checking for string.h
configure:6178: gcc -c -g -O2  conftest.c >&5
configure:6178: $? = 0
configure:6178: result: yes
configure:6178: checking for memory.h
configure:6178: gcc -c -g -O2  conftest.c >&5
configure:6178: $? = 0
configure:6178: result: yes
configure:6178: checking for strings.h
configure:6178: gcc -c -g -O2  conftest.c >&5
configure:6178: $? = 0
configure:6178: result: yes
configure:6178: checking for inttypes.h
configure:6178: gcc -c -g -O2  conftest.c >&5
configure:6178: $? = 0
configure:6178: result: yes
configure:6178: checking for stdint.h
configure:6178: gcc -c -g -O2  conftest.c >&5
configure:6178: $? = 0
configure:6178: result: yes
configure:6178: checking for unistd.h
configure:6178: gcc -c -g -O2  conftest.c >&5
configure:6178: $? = 0
configure:6178: result: yes
configure:6192: checking for dlfcn.h
configure:6192: gcc -c -g -O2  conftest.c >&5
configure:6192: $? = 0
configure:6192: result: yes
configure:6674: checking for objdir
configure:6689: result: .libs
configure:6985: checking if gcc supports -fno-rtti -fno-exceptions
configure:7003: gcc -c -g -O2  -fno-rtti -fno-exceptions conftest.c >&5
cc1: warning: command line option '-fno-rtti' is valid for C++/ObjC++ but not for C
configure:7007: $? = 0
configure:7020: result: no
configure:7040: checking for gcc option to produce PIC
configure:7312: result: -fPIC -DPIC
configure:7324: checking if gcc PIC flag -fPIC -DPIC works
configure:7342: gcc -c -g -O2  -fPIC -DPIC -DPIC conftest.c >&5
configure:7346: $? = 0
configure:7359: result: yes
configure:7383: checking if gcc static flag -static works
configure:7411: result: yes
configure:7426: checking if gcc supports -c -o file.o
configure:7447: gcc -c -g -O2  -o out/conftest2.o conftest.c >&5
configure:7451: $? = 0
configure:7473: result: yes
configure:7481: checking if gcc supports -c -o file.o
configure:7528: result: yes
configure:7561: checking whether the gcc linker (/usr/bin/ld -m elf_x86_64) supports shared libraries
configure:8547: result: yes
configure:8786: checking dynamic linker characteristics
configure:9221: gcc -o conftest -g -O2   -Wl,-rpath -Wl,/foo conftest.c  >&5
configure:9221: $? = 0
configure:9439: result: GNU/Linux ld.so
configure:9541: checking how to hardcode library paths into programs
configure:9566: result: immediate
configure:10086: checking whether stripping libraries is possible
configure:10091: result: yes
configure:10126: checking if libtool supports shared libraries
configure:10128: result: yes
configure:10131: checking whether to build shared libraries
configure:10152: result: no
configure:10155: checking whether to build static libraries
configure:10159: result: yes
configure:10223: checking for a BSD-compatible install
configure:10291: result: /usr/bin/install -c
configure:10302: checking whether build environment is sane
configure:10357: result: yes
configure:10505: checking for a thread-safe mkdir -p
configure:10544: result: /bin/mkdir -p
configure:10551: checking for gawk
configure:10567: found /usr/bin/gawk
configure:10578: result: gawk
configure:10589: checking whether make sets $(MAKE)
configure:10611: result: yes
configure:10633: checking whether make supports the include directive
configure:10648: make -f confmf.GNU && cat confinc.out
make[1]: Entering directory '/home/user42/github/doom/SDL2_ttf-2.0.15'
make[1]: Leaving directory '/home/user42/github/doom/SDL2_ttf-2.0.15'
this is the am__doit target
configure:10651: $? = 0
configure:10670: result: yes (GNU style)
configure:10703: checking whether make supports nested variables
configure:10720: result: yes
configure:10806: checking dependency style of gcc
configure:10917: result: gcc3
configure:11025: checking for gcc
configure:11052: result: gcc
configure:11281: checking for C compiler version
configure:11290: gcc --version >&5
gcc (Ubuntu 7.5.0-3ubuntu1~18.04) 7.5.0
Copyright (C) 2017 Free Software Foundation, Inc.
This is free software; see the source for copying conditions.  There is NO
warranty; not even for MERCHANTABILITY or FITNESS FOR A PARTICULAR PURPOSE.

configure:11301: $? = 0
configure:11290: gcc -v >&5
Using built-in specs.
COLLECT_GCC=gcc
COLLECT_LTO_WRAPPER=/usr/lib/gcc/x86_64-linux-gnu/7/lto-wrapper
OFFLOAD_TARGET_NAMES=nvptx-none
OFFLOAD_TARGET_DEFAULT=1
Target: x86_64-linux-gnu
Configured with: ../src/configure -v --with-pkgversion='Ubuntu 7.5.0-3ubuntu1~18.04' --with-bugurl=file:///usr/share/doc/gcc-7/README.Bugs --enable-languages=c,ada,c++,go,brig,d,fortran,objc,obj-c++ --prefix=/usr --with-gcc-major-version-only --program-suffix=-7 --program-prefix=x86_64-linux-gnu- --enable-shared --enable-linker-build-id --libexecdir=/usr/lib --without-included-gettext --enable-threads=posix --libdir=/usr/lib --enable-nls --enable-bootstrap --enable-clocale=gnu --enable-libstdcxx-debug --enable-libstdcxx-time=yes --with-default-libstdcxx-abi=new --enable-gnu-unique-object --disable-vtable-verify --enable-libmpx --enable-plugin --enable-default-pie --with-system-zlib --with-target-system-zlib --enable-objc-gc=auto --enable-multiarch --disable-werror --with-arch-32=i686 --with-abi=m64 --with-multilib-list=m32,m64,mx32 --enable-multilib --with-tune=generic --enable-offload-targets=nvptx-none --without-cuda-driver --enable-checking=release --build=x86_64-linux-gnu --host=x86_64-linux-gnu --target=x86_64-linux-gnu
Thread model: posix
gcc version 7.5.0 (Ubuntu 7.5.0-3ubuntu1~18.04) 
configure:11301: $? = 0
configure:11290: gcc -V >&5
gcc: error: unrecognized command line option '-V'
gcc: fatal error: no input files
compilation terminated.
configure:11301: $? = 1
configure:11290: gcc -qversion >&5
gcc: error: unrecognized command line option '-qversion'; did you mean '--version'?
gcc: fatal error: no input files
compilation terminated.
configure:11301: $? = 1
configure:11305: checking whether we are using the GNU C compiler
configure:11333: result: yes
configure:11342: checking whether gcc accepts -g
configure:11403: result: yes
configure:11420: checking for gcc option to accept ISO C89
configure:11496: result: none needed
configure:11521: checking whether gcc understands -c and -o together
configure:11558: result: yes
configure:11576: checking whether make sets $(MAKE)
configure:11598: result: yes
configure:11616: checking for windres
configure:11646: result: no
configure:11616: checking for linux-gnu-windres
configure:11646: result: no
configure:11659: checking for size_t
configure:11659: gcc -c -g -O2  conftest.c >&5
configure:11659: $? = 0
configure:11659: gcc -c -g -O2  conftest.c >&5
conftest.c: In function 'main':
conftest.c:59:21: error: expected expression before ')' token
 if (sizeof ((size_t)))
                     ^
configure:11659: $? = 1
configure: failed program was:
| /* confdefs.h */
| #define PACKAGE_NAME ""
| #define PACKAGE_TARNAME ""
| #define PACKAGE_VERSION ""
| #define PACKAGE_STRING ""
| #define PACKAGE_BUGREPORT ""
| #define PACKAGE_URL ""
| #define STDC_HEADERS 1
| #define HAVE_SYS_TYPES_H 1
| #define HAVE_SYS_STAT_H 1
| #define HAVE_STDLIB_H 1
| #define HAVE_STRING_H 1
| #define HAVE_MEMORY_H 1
| #define HAVE_STRINGS_H 1
| #define HAVE_INTTYPES_H 1
| #define HAVE_STDINT_H 1
| #define HAVE_UNISTD_H 1
| #define HAVE_DLFCN_H 1
| #define LT_OBJDIR ".libs/"
| #define PACKAGE "SDL2_ttf"
| #define VERSION "2.0.15"
| /* end confdefs.h.  */
| #include <stdio.h>
| #ifdef HAVE_SYS_TYPES_H
| # include <sys/types.h>
| #endif
| #ifdef HAVE_SYS_STAT_H
| # include <sys/stat.h>
| #endif
| #ifdef STDC_HEADERS
| # include <stdlib.h>
| # include <stddef.h>
| #else
| # ifdef HAVE_STDLIB_H
| #  include <stdlib.h>
| # endif
| #endif
| #ifdef HAVE_STRING_H
| # if !defined STDC_HEADERS && defined HAVE_MEMORY_H
| #  include <memory.h>
| # endif
| # include <string.h>
| #endif
| #ifdef HAVE_STRINGS_H
| # include <strings.h>
| #endif
| #ifdef HAVE_INTTYPES_H
| # include <inttypes.h>
| #endif
| #ifdef HAVE_STDINT_H
| # include <stdint.h>
| #endif
| #ifdef HAVE_UNISTD_H
| # include <unistd.h>
| #endif
| int
| main ()
| {
| if (sizeof ((size_t)))
| 	    return 0;
|   ;
|   return 0;
| }
configure:11659: result: yes
configure:11672: checking for working alloca.h
configure:11689: gcc -o conftest -g -O2   conftest.c  >&5
configure:11689: $? = 0
configure:11697: result: yes
configure:11705: checking for alloca
configure:11742: gcc -o conftest -g -O2   conftest.c  >&5
configure:11742: $? = 0
configure:11750: result: yes
configure:11937: checking for pkg-config
configure:11955: found /usr/bin/pkg-config
configure:11967: result: /usr/bin/pkg-config
configure:11992: checking pkg-config is at least version 0.9.0
configure:11995: result: yes
configure:12006: checking for FT2
configure:12014: $PKG_CONFIG --exists --print-errors "freetype2 >= 7.0.1"
configure:12017: $? = 0
configure:12032: $PKG_CONFIG --exists --print-errors "freetype2 >= 7.0.1"
configure:12035: $? = 0
configure:12685: result: yes
configure:12723: checking for SDL
configure:12731: $PKG_CONFIG --exists --print-errors "sdl2 >= $min_sdl_version"
configure:12734: $? = 0
configure:12749: $PKG_CONFIG --exists --print-errors "sdl2 >= $min_sdl_version"
configure:12752: $? = 0
configure:12788: result: yes
configure:13059: checking for X
configure:13167: gcc -E  conftest.c
configure:13167: $? = 0
configure:13198: gcc -o conftest -g -O2 -I/usr/include/freetype2 -I/usr/include/libpng16 -D_REENTRANT -I/usr/include/SDL2   conftest.c -lX11  -lfreetype -lSDL2 >&5
configure:13198: $? = 0
configure:13248: result: libraries , headers 
configure:13347: gcc -o conftest -g -O2 -I/usr/include/freetype2 -I/usr/include/libpng16 -D_REENTRANT -I/usr/include/SDL2   conftest.c  -lfreetype -lSDL2  -lX11 >&5
configure:13347: $? = 0
configure:13445: checking for gethostbyname
configure:13445: gcc -o conftest -g -O2 -I/usr/include/freetype2 -I/usr/include/libpng16 -D_REENTRANT -I/usr/include/SDL2   conftest.c  -lfreetype -lSDL2 >&5
configure:13445: $? = 0
configure:13445: result: yes
configure:13542: checking for connect
configure:13542: gcc -o conftest -g -O2 -I/usr/include/freetype2 -I/usr/include/libpng16 -D_REENTRANT -I/usr/include/SDL2   conftest.c  -lfreetype -lSDL2 >&5
configure:13542: $? = 0
configure:13542: result: yes
configure:13591: checking for remove
configure:13591: gcc -o conftest -g -O2 -I/usr/include/freetype2 -I/usr/include/libpng16 -D_REENTRANT -I/usr/include/SDL2   conftest.c  -lfreetype -lSDL2 >&5
configure:13591: $? = 0
configure:13591: result: yes
configure:13640: checking for shmat
configure:13640: gcc -o conftest -g -O2 -I/usr/include/freetype2 -I/usr/include/libpng16 -D_REENTRANT -I/usr/include/SDL2   conftest.c  -lfreetype -lSDL2 >&5
configure:13640: $? = 0
configure:13640: result: yes
configure:13698: checking for IceConnectionNumber in -lICE
configure:13723: gcc -o conftest -g -O2 -I/usr/include/freetype2 -I/usr/include/libpng16 -D_REENTRANT -I/usr/include/SDL2   conftest.c -lICE   -lfreetype -lSDL2 >&5
configure:13723: $? = 0
configure:13732: result: yes
configure:13750: checking for OpenGL support
configure:13770: gcc -o conftest -g -O2 -I/usr/include/freetype2 -I/usr/include/libpng16 -D_REENTRANT -I/usr/include/SDL2    conftest.c  -lfreetype -lSDL2  -lGL >&5
configure:13770: $? = 0
configure:13777: result: yes
configure:13938: checking that generated files are newer than configure
configure:13944: result: done
configure:13971: creating ./config.status

## ---------------------- ##
## Running config.status. ##
## ---------------------- ##

This file was extended by config.status, which was
generated by GNU Autoconf 2.69.  Invocation command line was

  CONFIG_FILES    = 
  CONFIG_HEADERS  = 
  CONFIG_LINKS    = 
  CONFIG_COMMANDS = 
  $ ./config.status 

on salty-VirtualBox

config.status:1021: creating Makefile
config.status:1021: creating SDL2_ttf.spec
config.status:1021: creating SDL2_ttf.pc
config.status:1193: executing libtool commands
config.status:1193: executing depfiles commands
config.status:1911: cd .       && sed -e '/# am--include-marker/d' Makefile         | make -f - am--depfiles
make[1]: Entering directory '/home/user42/github/doom/SDL2_ttf-2.0.15'
make[1]: Nothing to be done for 'am--depfiles'.
make[1]: Leaving directory '/home/user42/github/doom/SDL2_ttf-2.0.15'
config.status:1916: $? = 0

## ---------------- ##
## Cache variables. ##
## ---------------- ##

ac_cv_build=x86_64-pc-linux-gnu
ac_cv_c_compiler_gnu=yes
ac_cv_env_CC_set=
ac_cv_env_CC_value=
ac_cv_env_CFLAGS_set=
ac_cv_env_CFLAGS_value=
ac_cv_env_CPPFLAGS_set=
ac_cv_env_CPPFLAGS_value=
ac_cv_env_CPP_set=
ac_cv_env_CPP_value=
ac_cv_env_FT2_CFLAGS_set=
ac_cv_env_FT2_CFLAGS_value=
ac_cv_env_FT2_LIBS_set=
ac_cv_env_FT2_LIBS_value=
ac_cv_env_LDFLAGS_set=
ac_cv_env_LDFLAGS_value=
ac_cv_env_LIBS_set=
ac_cv_env_LIBS_value=
ac_cv_env_PKG_CONFIG_set=
ac_cv_env_PKG_CONFIG_value=
ac_cv_env_SDL_CFLAGS_set=
ac_cv_env_SDL_CFLAGS_value=
ac_cv_env_SDL_LIBS_set=
ac_cv_env_SDL_LIBS_value=
ac_cv_env_XMKMF_set=
ac_cv_env_XMKMF_value=
ac_cv_env_build_alias_set=
ac_cv_env_build_alias_value=
ac_cv_env_host_alias_set=
ac_cv_env_host_alias_value=
ac_cv_env_target_alias_set=
ac_cv_env_target_alias_value=
ac_cv_func_alloca_works=yes
ac_cv_func_connect=yes
ac_cv_func_gethostbyname=yes
ac_cv_func_remove=yes
ac_cv_func_shmat=yes
ac_cv_have_x='have_x=yes	ac_x_includes='\'''\''	ac_x_libraries='\'''\'''
ac_cv_header_dlfcn_h=yes
ac_cv_header_inttypes_h=yes
ac_cv_header_memory_h=yes
ac_cv_header_stdc=yes
ac_cv_header_stdint_h=yes
ac_cv_header_stdlib_h=yes
ac_cv_header_string_h=yes
ac_cv_header_strings_h=yes
ac_cv_header_sys_stat_h=yes
ac_cv_header_sys_types_h=yes
ac_cv_header_unistd_h=yes
ac_cv_host=x86_64-pc-linux-gnu
ac_cv_lib_ICE_IceConnectionNumber=yes
ac_cv_objext=o
ac_cv_path_EGREP='/bin/grep -E'
ac_cv_path_FGREP='/bin/grep -F'
ac_cv_path_GREP=/bin/grep
ac_cv_path_SED=/bin/sed
ac_cv_path_ac_pt_PKG_CONFIG=/usr/bin/pkg-config
ac_cv_path_install='/usr/bin/install -c'
ac_cv_path_mkdir=/bin/mkdir
ac_cv_prog_AWK=gawk
ac_cv_prog_CPP='gcc -E'
ac_cv_prog_ac_ct_AR=ar
ac_cv_prog_ac_ct_CC=gcc
ac_cv_prog_ac_ct_OBJDUMP=objdump
ac_cv_prog_ac_ct_RANLIB=ranlib
ac_cv_prog_ac_ct_STRIP=strip
ac_cv_prog_cc_c89=
ac_cv_prog_cc_g=yes
ac_cv_prog_make_make_set=yes
ac_cv_type_size_t=yes
ac_cv_working_alloca_h=yes
am_cv_CC_dependencies_compiler_type=gcc3
am_cv_make_support_nested_variables=yes
am_cv_prog_cc_c_o=yes
lt_cv_deplibs_check_method=pass_all
lt_cv_file_magic_cmd='$MAGIC_CMD'
lt_cv_file_magic_test_file=
lt_cv_ld_reload_flag=-r
lt_cv_nm_interface='BSD nm'
lt_cv_objdir=.libs
lt_cv_path_LD=/usr/bin/ld
lt_cv_path_NM='/usr/bin/nm -B'
lt_cv_prog_compiler_c_o=yes
lt_cv_prog_compiler_pic_works=yes
lt_cv_prog_compiler_rtti_exceptions=no
lt_cv_prog_compiler_static_works=yes
lt_cv_prog_gnu_ld=yes
lt_cv_sys_global_symbol_pipe='sed -n -e '\''s/^.*[	 ]\([ABCDGIRSTW][ABCDGIRSTW]*\)[	 ][	 ]*\([_A-Za-z][_A-Za-z0-9]*\)$/\1 \2 \2/p'\'''
lt_cv_sys_global_symbol_to_c_name_address='sed -n -e '\''s/^: \([^ ]*\) $/  {\"\1\", (void *) 0},/p'\'' -e '\''s/^[ABCDGIRSTW]* \([^ ]*\) \([^ ]*\)$/  {"\2", (void *) \&\2},/p'\'''
lt_cv_sys_global_symbol_to_c_name_address_lib_prefix='sed -n -e '\''s/^: \([^ ]*\) $/  {\"\1\", (void *) 0},/p'\'' -e '\''s/^[ABCDGIRSTW]* \([^ ]*\) \(lib[^ ]*\)$/  {"\2", (void *) \&\2},/p'\'' -e '\''s/^[ABCDGIRSTW]* \([^ ]*\) \([^ ]*\)$/  {"lib\2", (void *) \&\2},/p'\'''
lt_cv_sys_global_symbol_to_cdecl='sed -n -e '\''s/^T .* \(.*\)$/extern int \1();/p'\'' -e '\''s/^[ABCDGIRSTW]* .* \(.*\)$/extern char \1;/p'\'''
lt_cv_sys_max_cmd_len=1572864
pkg_cv_FT2_CFLAGS='-I/usr/include/freetype2 -I/usr/include/libpng16'
pkg_cv_FT2_LIBS=-lfreetype
pkg_cv_SDL_CFLAGS='-D_REENTRANT -I/usr/include/SDL2'
pkg_cv_SDL_LIBS=-lSDL2

## ----------------- ##
## Output variables. ##
## ----------------- ##

ACLOCAL='${SHELL} /home/user42/github/doom/SDL2_ttf-2.0.15/missing aclocal-1.16'
ALLOCA=''
AMDEPBACKSLASH='\'
AMDEP_FALSE='#'
AMDEP_TRUE=''
AMTAR='$${TAR-tar}'
AM_BACKSLASH='\'
AM_DEFAULT_V='$(AM_DEFAULT_VERBOSITY)'
AM_DEFAULT_VERBOSITY='1'
AM_V='$(V)'
AR='ar'
AS='as'
AUTOCONF='${SHELL} /home/user42/github/doom/SDL2_ttf-2.0.15/missing autoconf'
AUTOHEADER='${SHELL} /home/user42/github/doom/SDL2_ttf-2.0.15/missing autoheader'
AUTOMAKE='${SHELL} /home/user42/github/doom/SDL2_ttf-2.0.15/missing automake-1.16'
AWK='gawk'
BINARY_AGE='15'
CC='gcc'
CCDEPMODE='depmode=gcc3'
CFLAGS='-g -O2 -I/usr/include/freetype2 -I/usr/include/libpng16 -D_REENTRANT -I/usr/include/SDL2  -DHAVE_OPENGL'
CPP='gcc -E'
CPPFLAGS=''
CYGPATH_W='echo'
DEFS='-DPACKAGE_NAME=\"\" -DPACKAGE_TARNAME=\"\" -DPACKAGE_VERSION=\"\" -DPACKAGE_STRING=\"\" -DPACKAGE_BUGREPORT=\"\" -DPACKAGE_URL=\"\" -DSTDC_HEADERS=1 -DHAVE_SYS_TYPES_H=1 -DHAVE_SYS_STAT_H=1 -DHAVE_STDLIB_H=1 -DHAVE_STRING_H=1 -DHAVE_MEMORY_H=1 -DHAVE_STRINGS_H=1 -DHAVE_INTTYPES_H=1 -DHAVE_STDINT_H=1 -DHAVE_UNISTD_H=1 -DHAVE_DLFCN_H=1 -DLT_OBJDIR=\".libs/\" -DPACKAGE=\"SDL2_ttf\" -DVERSION=\"2.0.15\" -DHAVE_ALLOCA_H=1 -DHAVE_ALLOCA=1'
DEPDIR='.deps'
DLLTOOL='dlltool'
DSYMUTIL=''
DUMPBIN=''
ECHO_C=''
ECHO_N='-n'
ECHO_T=''
EGREP='/bin/grep -E'
EXEEXT=''
FGREP='/bin/grep -F'
FT2_CFLAGS='-I/usr/include/freetype2 -I/usr/include/libpng16'
FT2_CONFIG=''
FT2_LIBS='-lfreetype'
GL_LIBS=' -lGL'
GREP='/bin/grep'
INSTALL_DATA='${INSTALL} -m 644'
INSTALL_PROGRAM='${INSTALL}'
INSTALL_SCRIPT='${INSTALL}'
INSTALL_STRIP_PROGRAM='$(install_sh) -c -s'
INTERFACE_AGE='1'
LD='/usr/bin/ld -m elf_x86_64'
LDFLAGS=''
LIBOBJS=''
LIBS=' -lfreetype -lSDL2'
LIBTOOL='$(SHELL) $(top_builddir)/libtool'
LIPO=''
LN_S='ln -s'
LTLIBOBJS=''
LT_AGE='14'
LT_CURRENT='14'
LT_RELEASE='2.0'
LT_REVISION='1'
MAJOR_VERSION='2'
MAKEINFO='${SHELL} /home/user42/github/doom/SDL2_ttf-2.0.15/missing makeinfo'
MATHLIB='-lm'
MICRO_VERSION='15'
MINOR_VERSION='0'
MKDIR_P='/bin/mkdir -p'
NM='/usr/bin/nm -B'
NMEDIT=''
OBJDUMP='objdump'
OBJEXT='o'
OTOOL64=''
OTOOL=''
PACKAGE='SDL2_ttf'
PACKAGE_BUGREPORT=''
PACKAGE_NAME=''
PACKAGE_STRING=''
PACKAGE_TARNAME=''
PACKAGE_URL=''
PACKAGE_VERSION=''
PATH_SEPARATOR=':'
PKG_CONFIG='/usr/bin/pkg-config'
RANLIB='ranlib'
SDL2_CONFIG='pkg-config sdl2'
SDL_CFLAGS='-D_REENTRANT -I/usr/include/SDL2'
SDL_LIBS='-lSDL2'
SDL_VERSION='2.0.8'
SED='/bin/sed'
SET_MAKE=''
SHELL='/bin/bash'
STRIP='strip'
USE_VERSION_RC_FALSE=''
USE_VERSION_RC_TRUE='#'
VERSION='2.0.15'
WINDRES=''
XMKMF=''
X_CFLAGS=''
X_EXTRA_LIBS=''
X_LIBS=''
X_PRE_LIBS=' -lSM -lICE'
ac_ct_CC='gcc'
ac_ct_DUMPBIN=''
am__EXEEXT_FALSE=''
am__EXEEXT_TRUE='#'
am__fastdepCC_FALSE='#'
am__fastdepCC_TRUE=''
am__include='include'
am__isrc=''
am__leading_dot='.'
am__nodep='_no'
am__quote=''
am__tar='$${TAR-tar} chof - "$$tardir"'
am__untar='$${TAR-tar} xf -'
bindir='${exec_prefix}/bin'
build='x86_64-pc-linux-gnu'
build_alias=''
build_cpu='x86_64'
build_os='linux-gnu'
build_vendor='pc'
datadir='${datarootdir}'
datarootdir='${prefix}/share'
docdir='${datarootdir}/doc/${PACKAGE}'
dvidir='${docdir}'
exec_prefix='${prefix}'
host='x86_64-pc-linux-gnu'
host_alias=''
host_cpu='x86_64'
host_os='linux-gnu'
host_vendor='pc'
htmldir='${docdir}'
includedir='${prefix}/include'
infodir='${datarootdir}/info'
install_sh='${SHELL} /home/user42/github/doom/SDL2_ttf-2.0.15/install-sh'
libdir='${exec_prefix}/lib'
libexecdir='${exec_prefix}/libexec'
localedir='${datarootdir}/locale'
localstatedir='${prefix}/var'
lt_ECHO='echo'
mandir='${datarootdir}/man'
mkdir_p='$(MKDIR_P)'
oldincludedir='/usr/include'
pdfdir='${docdir}'
prefix='/home/user42/github/doom/SDL2_ttf'
program_transform_name='s,x,x,'
psdir='${docdir}'
runstatedir='${localstatedir}/run'
sbindir='${exec_prefix}/sbin'
sharedstatedir='${prefix}/com'
sysconfdir='${prefix}/etc'
target_alias=''

## ----------- ##
## confdefs.h. ##
## ----------- ##

/* confdefs.h */
#define PACKAGE_NAME ""
#define PACKAGE_TARNAME ""
#define PACKAGE_VERSION ""
#define PACKAGE_STRING ""
#define PACKAGE_BUGREPORT ""
#define PACKAGE_URL ""
#define STDC_HEADERS 1
#define HAVE_SYS_TYPES_H 1
#define HAVE_SYS_STAT_H 1
#define HAVE_STDLIB_H 1
#define HAVE_STRING_H 1
#define HAVE_MEMORY_H 1
#define HAVE_STRINGS_H 1
#define HAVE_INTTYPES_H 1
#define HAVE_STDINT_H 1
#define HAVE_UNISTD_H 1
#define HAVE_DLFCN_H 1
#define LT_OBJDIR ".libs/"
#define PACKAGE "SDL2_ttf"
#define VERSION "2.0.15"
#define HAVE_ALLOCA_H 1
#define HAVE_ALLOCA 1

configure: exit 0
